2026-03-25 15:59:41, MOVE, v:1, k:ed@fuga, mode:PICK
2026-03-25 16:09:38, EXEC, v:1, k:ed@fuga, mode:FULL, rate:20, size:36
2026-03-25 16:11:36, EXEC, v:1, k:ed@fuga, mode:FULL, rate:20, size:36
2026-03-25 16:12:18, EXEC, v:1, k:ed@fuga, mode:FULL, rate:20, size:36
2026-03-25 16:13:48, EXEC, v:1, k:ed@fuga, mode:FULL, rate:20, size:36
2026-03-25 16:18:19, EXEC, v:1, k:ed@fuga, mode:FULL, rate:80, size:36
2026-03-25 16:18:41, EXEC, v:1, k:ed@fuga, mode:FULL, rate:80, size:36
2026-03-25 16:21:12, EXEC, v:1, k:ed@fuga, mode:FULL, rate:80, size:36
2026-03-25 16:26:08, EXEC, v:1, k:ed@fuga, mode:FULL, rate:20, size:36
2026-03-25 16:26:46, EXEC, v:1, k:ed@fuga, mode:FULL, rate:20, size:36
2026-03-25 16:29:48, EXEC, v:1, k:ed@fuga, mode:FULL, rate:20, size:36
2026-03-25 16:31:48, EXEC, v:1, k:ed@fuga, mode:FULL, rate:20, size:36
2026-03-25 16:49:47, EXEC, v:1, k:ed@fuga, mode:FULL, rate:0, size:28
2026-03-25 16:54:05, EXEC, v:1, k:ed@fuga, mode:FULL, rate:0, size:47
2026-03-25 16:54:39, EXEC, v:1, k:ed@fuga, mode:FULL, rate:0
2026-03-25 16:59:29, EXEC, v:1, k:ed@fuga, mode:FULL, rate:20, size:49
2026-03-25 17:05:15, EXEC, v:1, k:ed@fuga, mode:FULL, rate:20, size:46
2026-03-25 17:06:10, EXEC, v:1, k:ed@fuga, mode:FULL, rate:100, size:34
2026-03-25 17:06:59, MOVE, v:1, k:ed@fuga, mode:BACK
2026-03-25 17:07:52, MOVE, v:1, k:ed@fuga, mode:PICK
2026-03-25 17:07:54, MOVE, v:1, k:ed@fuga, mode:BACK
2026-03-25 17:08:18, SELF, v:1, k:ed@fuga, self:1, rate:100, study:60
2026-03-25 17:08:35, MOVE, v:1, k:ed@pedra, mode:DOWN
2026-03-25 17:08:40, MOVE, v:1, k:ed@casais, mode:DOWN
2026-03-25 17:08:42, MOVE, v:1, k:ed@baruel, mode:DOWN
2026-03-25 17:08:45, MOVE, v:1, k:ed@gomos, mode:DOWN
2026-03-25 23:23:36, MOVE, v:1, k:ed@pedra, mode:PICK
2026-03-25 23:24:02, EXEC, v:1, k:ed@pedra, mode:FULL, rate:100, size:48
2026-03-25 23:26:33, MOVE, v:1, k:ed@pedra, mode:BACK
2026-03-25 23:27:03, SELF, v:1, k:ed@pedra, self:1, rate:100, study:40
2026-03-25 23:27:23, MOVE, v:1, k:ed@casais, mode:PICK
